<?xml version="1.0" encoding="UTF-8"?>
<!-- Generated by org.testng.reporters.JUnitReportReporter -->
<testsuite hostname="DELL" failures="0" tests="2" name="com.ecommerce.Test.ProductPageTest" time="24.834" errors="0" timestamp="2024-05-10T11:06:04 IST" skipped="0">
  <testcase classname="com.ecommerce.Test.ProductPageTest" name="logintowebsite" time="8.001"/>
  <testcase classname="com.ecommerce.Test.ProductPageTest" name="Verifyproductpage" time="16.833"/>
</testsuite> <!-- com.ecommerce.Test.ProductPageTest -->
