<?xml version="1.0" encoding="UTF-8"?>
<!-- Generated by org.testng.reporters.JUnitReportReporter -->
<testsuite hostname="DELL" failures="0" tests="1" name="com.ecommerce.Test.ContactusPageTest" time="14.961" errors="0" timestamp="2024-05-09T13:10:45 IST" skipped="0">
  <testcase classname="com.ecommerce.Test.ContactusPageTest" name="clickoncontactus" time="14.961"/>
</testsuite> <!-- com.ecommerce.Test.ContactusPageTest -->
