<?xml version="1.0" encoding="UTF-8"?>
<!-- Generated by org.testng.reporters.JUnitReportReporter -->
<testsuite hostname="DELL" failures="0" tests="1" name="com.ecommerce.Test.ContactusPageTest" time="15.626" errors="0" timestamp="2024-05-02T17:22:35 IST" skipped="0">
  <testcase classname="com.ecommerce.Test.ContactusPageTest" name="clickoncontactus" time="15.626"/>
</testsuite> <!-- com.ecommerce.Test.ContactusPageTest -->
