<?xml version="1.0" encoding="UTF-8"?>
<!-- Generated by org.testng.reporters.JUnitReportReporter -->
<testsuite hostname="DELL" failures="0" tests="1" name="com.ecommerce.Test.ContactusPageTest" time="13.159" errors="0" timestamp="2024-05-10T10:51:37 IST" skipped="0">
  <testcase classname="com.ecommerce.Test.ContactusPageTest" name="clickoncontactus" time="13.159"/>
</testsuite> <!-- com.ecommerce.Test.ContactusPageTest -->
