<?xml version="1.0" encoding="UTF-8"?>
<!-- Generated by org.testng.reporters.JUnitReportReporter -->
<testsuite hostname="DELL" failures="0" tests="3" name="com.ecommerce.Test.LoginPageTest" time="38.513" errors="0" timestamp="2024-05-09T13:10:45 IST" skipped="0">
  <testcase classname="com.ecommerce.Test.LoginPageTest" name="validatelogintext" time="11.077"/>
  <testcase classname="com.ecommerce.Test.LoginPageTest" name="LoginUserwithcorrectemailandpassword" time="13.678"/>
  <testcase classname="com.ecommerce.Test.LoginPageTest" name="LoginUserwithincorrectemailandpassword" time="13.758"/>
</testsuite> <!-- com.ecommerce.Test.LoginPageTest -->
