<?xml version="1.0" encoding="UTF-8"?>
<!-- Generated by org.testng.reporters.JUnitReportReporter -->
<testsuite hostname="DELL" failures="0" tests="2" name="com.ecommerce.Test.RegisterPageTest" time="35.321" errors="0" timestamp="2024-04-23T22:08:44 IST" skipped="0">
  <testcase classname="com.ecommerce.Test.RegisterPageTest" name="validatetitle" time="9.236"/>
  <testcase classname="com.ecommerce.Test.RegisterPageTest" name="validateregisterpage" time="26.085"/>
</testsuite> <!-- com.ecommerce.Test.RegisterPageTest -->
