<?xml version="1.0" encoding="UTF-8"?>
<!-- Generated by org.testng.reporters.JUnitReportReporter -->
<testsuite hostname="DELL" failures="0" tests="1" name="com.ecommerce.Test.ContactusPageTest" time="12.165" errors="0" timestamp="2024-05-10T11:06:04 IST" skipped="0">
  <testcase classname="com.ecommerce.Test.ContactusPageTest" name="clickoncontactus" time="12.165"/>
</testsuite> <!-- com.ecommerce.Test.ContactusPageTest -->
