<?xml version="1.0" encoding="UTF-8"?>
<!-- Generated by org.testng.reporters.JUnitReportReporter -->
<testsuite hostname="DELL" failures="0" tests="3" name="com.ecommerce.Test.ProductPageTest" time="73.823" errors="0" timestamp="2024-05-09T12:12:22 IST" skipped="1">
  <testcase classname="com.ecommerce.Test.ProductPageTest" name="logintowebsite" time="26.321"/>
  <testcase classname="com.ecommerce.Test.ProductPageTest" name="Verifyproductpage" time="25.233"/>
  <testcase classname="com.ecommerce.Test.ProductPageTest" name="Verifyproductpage" time="22.269">
    <skipped/>
  </testcase> <!-- Verifyproductpage -->
</testsuite> <!-- com.ecommerce.Test.ProductPageTest -->
