<?xml version="1.0" encoding="UTF-8"?>
<!-- Generated by org.testng.reporters.JUnitReportReporter -->
<testsuite hostname="DELL" failures="0" tests="4" name="com.ecommerce.Test.LoginPageTest" time="125.680" errors="0" timestamp="2024-05-09T13:35:31 IST" skipped="1">
  <testcase classname="com.ecommerce.Test.LoginPageTest" name="validatelogintext" time="6.182"/>
  <testcase classname="com.ecommerce.Test.LoginPageTest" name="LoginUserwithcorrectemailandpassword" time="99.338">
    <skipped/>
  </testcase> <!-- LoginUserwithcorrectemailandpassword -->
  <testcase classname="com.ecommerce.Test.LoginPageTest" name="LoginUserwithcorrectemailandpassword" time="12.137"/>
  <testcase classname="com.ecommerce.Test.LoginPageTest" name="LoginUserwithincorrectemailandpassword" time="8.023"/>
</testsuite> <!-- com.ecommerce.Test.LoginPageTest -->
