<?xml version="1.0" encoding="UTF-8"?>
<!-- Generated by org.testng.reporters.JUnitReportReporter -->
<testsuite hostname="DELL" failures="0" tests="3" name="com.ecommerce.Test.LoginPageTest" time="21.627" errors="0" timestamp="2024-05-10T11:06:04 IST" skipped="0">
  <testcase classname="com.ecommerce.Test.LoginPageTest" name="validatelogintext" time="5.059"/>
  <testcase classname="com.ecommerce.Test.LoginPageTest" name="LoginUserwithcorrectemailandpassword" time="9.746"/>
  <testcase classname="com.ecommerce.Test.LoginPageTest" name="LoginUserwithincorrectemailandpassword" time="6.822"/>
</testsuite> <!-- com.ecommerce.Test.LoginPageTest -->
