<?xml version="1.0" encoding="UTF-8"?>
<!-- Generated by org.testng.reporters.JUnitReportReporter -->
<testsuite hostname="DELL" failures="0" tests="2" name="com.ecommerce.Test.ProductPageTest" time="42.911" errors="0" timestamp="2024-05-02T17:22:35 IST" skipped="0">
  <testcase classname="com.ecommerce.Test.ProductPageTest" name="logintowebsite" time="14.506"/>
  <testcase classname="com.ecommerce.Test.ProductPageTest" name="Verifyproductpage" time="28.405"/>
</testsuite> <!-- com.ecommerce.Test.ProductPageTest -->
