<?xml version="1.0" encoding="UTF-8"?>
<!-- Generated by org.testng.reporters.JUnitReportReporter -->
<testsuite hostname="DELL" failures="0" tests="2" name="com.ecommerce.Test.ProductPageTest" time="26.223" errors="0" timestamp="2024-05-10T11:22:04 IST" skipped="0">
  <testcase classname="com.ecommerce.Test.ProductPageTest" name="logintowebsitetest" time="7.800"/>
  <testcase classname="com.ecommerce.Test.ProductPageTest" name="Verifyproductpagetest" time="18.423"/>
</testsuite> <!-- com.ecommerce.Test.ProductPageTest -->
