<?xml version="1.0" encoding="UTF-8"?>
<!-- Generated by org.testng.reporters.JUnitReportReporter -->
<testsuite hostname="DELL" failures="0" tests="3" name="com.ecommerce.Test.LoginPageTest" time="33.093" errors="0" timestamp="2024-05-10T10:51:37 IST" skipped="0">
  <testcase classname="com.ecommerce.Test.LoginPageTest" name="validatelogintext" time="6.293"/>
  <testcase classname="com.ecommerce.Test.LoginPageTest" name="LoginUserwithcorrectemailandpassword" time="19.192"/>
  <testcase classname="com.ecommerce.Test.LoginPageTest" name="LoginUserwithincorrectemailandpassword" time="7.608"/>
</testsuite> <!-- com.ecommerce.Test.LoginPageTest -->
