<?xml version="1.0" encoding="UTF-8"?>
<!-- Generated by org.testng.reporters.JUnitReportReporter -->
<testsuite hostname="DELL" failures="0" tests="2" name="com.ecommerce.Test.ProductPageTest" time="30.511" errors="0" timestamp="2024-05-10T10:51:37 IST" skipped="0">
  <testcase classname="com.ecommerce.Test.ProductPageTest" name="logintowebsite" time="7.688"/>
  <testcase classname="com.ecommerce.Test.ProductPageTest" name="Verifyproductpage" time="22.823"/>
</testsuite> <!-- com.ecommerce.Test.ProductPageTest -->
