<?xml version="1.0" encoding="UTF-8"?>
<!-- Generated by org.testng.reporters.JUnitReportReporter -->
<testsuite hostname="DELL" failures="0" tests="3" name="com.ecommerce.Test.LoginPageTest" time="41.204" errors="0" timestamp="2024-05-02T17:22:35 IST" skipped="0">
  <testcase classname="com.ecommerce.Test.LoginPageTest" name="validatelogintext" time="6.665"/>
  <testcase classname="com.ecommerce.Test.LoginPageTest" name="LoginUserwithcorrectemailandpassword" time="24.507"/>
  <testcase classname="com.ecommerce.Test.LoginPageTest" name="LoginUserwithincorrectemailandpassword" time="10.032"/>
</testsuite> <!-- com.ecommerce.Test.LoginPageTest -->
