<?xml version="1.0" encoding="UTF-8"?>
<!-- Generated by org.testng.reporters.JUnitReportReporter -->
<testsuite hostname="DELL" failures="0" tests="3" name="com.ecommerce.Test.LoginPageTest" time="25.339" errors="0" timestamp="2024-05-09T12:12:22 IST" skipped="0">
  <testcase classname="com.ecommerce.Test.LoginPageTest" name="validatelogintext" time="6.537"/>
  <testcase classname="com.ecommerce.Test.LoginPageTest" name="LoginUserwithcorrectemailandpassword" time="10.770"/>
  <testcase classname="com.ecommerce.Test.LoginPageTest" name="LoginUserwithincorrectemailandpassword" time="8.032"/>
</testsuite> <!-- com.ecommerce.Test.LoginPageTest -->
